[  00000] italiznggrup sbs cuset
[  00000] italizig rop susycp
[   00000] nialzingcgupsubss uacct
[  00000] nu verio4..0-16-neic (uid@gw01am4-21) (gcc version 5.4.0 20160609 (Ubuntu 5.4.0-6ubuntu1~16.04.9) ) #140-Ubuntu SMP Mon Feb 12 21:23:04 UTC 2018 (Ubuntu 4.4.0-116.140-generic 4.4.98)
[    0.000000] Comman lne BOT_IAG/bot/vliz-.4.011geeric root=LABEL=cloudimg-rootfs ro console=tty1 console=ttyS0
[    0.000000] KERNEL supported cpus:
[    0.000000]   Intel GenuineIntel
[    0.000000]   AMD AuthenticAMD
[    0.000000]   Centaur CentaurHauls
[    0.000000] x86/fpu: xstate_offset[2]:  576, xstate_sizes[2]:  256
[    0.000000] x86/fpu: Supporting XSAVE feature 0x01: 'x87 floating point registers'
[    0.000000] x86/fpu: Supporting XSAVE feature 0x02: 'SSE registers'
[    0.000000] x86/fpu: Supporting XSAVE feature 0x04: 'AVX registers'
[    0.000000] x86/fpu: Enabled xstatefetures 0x7, context size is 832byes, using 'stanar frmat
  0.00000x8/fpu: Using 'lazy' FPU context switches.
[    0.000000] e820: BIOS-provided physical RAM map:
[    0.000000] BIOS-e820: [mem 0x0000000000000000-0x000000000009fbff] usable
[    0.000000] BIOS-e820: [mem 0x000000000009fc00-0x000000000009ffff] reserved
[    0.000000] BIOS-e820: [mem 0x00000000000f0000-0x00000000000fffff] reserved
[    0.000000] BIOS-e820: [mem 0x0000000000100000-0x000000003ffeffff] usable
[    0.000000] BIOS-e820: [mem 0x000000003fff0000-0x000000003fffffff] ACPI data
[    0.000000] BIOS-e820: [mem 0x00000000fec00000-0x00000000fec00fff] reserved
[    0.000000] BIOS-e820: [mem 0x00000000fee00000-0x00000000fee00fff] reserved
[    0.000000] BIOS-e820: [mem 0x00000000fffc0000-0x00000000ffffffff] reserved
[    0.000000] NX (Execute Disable) protection: active
[    0.000000] SMBIOS 2.5 present.
[    0.000000] Hypervisor detected: KVM
[    0.000000] e820: last_pfn = 0x3fff0 max_arch_pfn = 0x400000000
[    0.000000] MTRR: Disabled
[    .000000] x86/PAT: MTRRs disabled, skipping PAT initialization too.
[    0.000000] CPU MTRRs all blank - virtualized system.
[    0.000000] x86/PAT: Configuration [0-7]: WB  WT  UC- UC  WB  WT  UC- UC  
[    0.000000] found SMP MP-table at [mem 0x0009fff0-0x0009ffff] mapped at [ffff88000009fff0]
[    0.000000] Scanning 1 areas for low memory corruption
[    0.000000] RAMDISK: [mem 0x36ac2000-0x37558fff]
[    0.000000] ACPI: Early table checksum verification disabled
[    0.000000] ACPI: RSDP 0x00000000000E0000 000024 (v02 VBOX  )
[    0.000000] ACPI: XSDT 0x000000003FFF0030 00003C (v01 VBOX   VBOXXSDT 00000001 ASL  00000061)
[    0.000000] ACPI: FACP 0x000000003FFF00F0 0000F4 (v04 VBOX   VBOXFACP 00000001 ASL  00000061)
[    0.000000] ACPI: DSDT 0x000000003FFF0470 0021FF (v02 VBOX   VBOXBIOS 00000002 INTL 20100528)
[    0.000000] ACPI: FACS 0x000000003FFF0200 000040
[    0.000000] ACPI: FACS 0x000000003FFF0200 000040
[    0.000000] ACPI: APIC 0x000000003FFF0240 00005C (v02 VBOX   VBOXAPIC 00000001 ASL  00000061)
[    0.000000] ACPI: SSDT 0x000000003FFF02A0 0001CC (v01 VBOX   VBOXCPUT 00000002 INTL 20100528)
[    0.000000] No NUMA configuaton foun
[    0.000000] Faking a noe t [mm 00000000000-0x00003ffeffff][   .00000NOE_DAA() locaedme 0x3fe000x3feffff]
[  0.0000] vm-coc Uingsr4b564d1 d b56400[   0.000] kvmclk:cpu 0,ms 03fe300, imry cu oc
[   00000] kvm-clock: using scedffse o32063812yces
  0.0000] losource k-cock:ma: xfffffffffff mx_yces: 0x1c42e4dffb, max_idle_ns: 881590591483 ns
[    0.000000] Zone ranges:
[    0.000000]   DA    [mem 0x0000000000001000-0x0000000000ffffff]
[    0.000000]   DMA32    [mem 0x0000000001000000-0x000000ffffff]
[   00000]  rml   mp
    .000000]   Device   empty
[    0.000000] Movable zone start for each node
[    0.000000] Early memory node ranges
[    0.000000]  de   : me0x00000000100-0000000009ff]
[  00000] noe   : em0x0000001000000x000003feff]
[   .0000] Iitm etupno 0[mem 0x0000000000001000-0x000000003ffeffff]
[    0.00000] CP: PM-Timer IO Port: 0x4008
[    0.000000] IOAPIC[0]: apic_id 2, version 32, address 0xfec00000, GSI 0-23
[    0.000000] ACPI: INT_SRC_OVR (s  bs_iq glbal_rq dl df)    .000] ACI:NTSRC_VR(b 0 bs_rq 9globalir9 ow lve
    .000] Usng ACPI (MADT) for SMP configuration information
[    0.000000] smpboot: Allowing 2 CPUs, 0 hotplug CPUs
[    0.000000] PM: Registered nosave memory: [mem 0x00000000-0x00000fff]
[  000000]M:Regiteednoave emy:[mem0x09000-x09fff][  0.00000 P Regstednosae moy: [emx00a00000x0efff]
[  .00000PM Regsted nosveemry: [mem 0x000f0000-0x000fffff
  0.0000 e820:[mem0x00000-0xbfffff] available for PCI devices
[  0.0000]ootig rairtulid erne oKV
[  00000] ocsourc refined-jiffies: mask: xfffff mx_cyle 0ffffff mx_ide_: 64559621568 ns
[    0.000000] setup_percpu: NR_CPUS:512 nr_cpumask_bits:512 nr_cpu_ids:2 nr_node_ids:1
[    0.000000] PERCPU: Embedded 34 pages/cpu @ffff88003fc00000 s99544 r8192 d31528 u1048576
[    0.000000] PV qspinlock hash table entries: 256 (order: 0, 4096 bytes)
[    0.000000] Built 1 zonelists in Node order, mobility grouping on.  Total pages: 257913
[    0.000000] Policy zone: DMA32
[    0.000000] Kernel command line: BOOT_IMAGE=/boot/vmlinuz-4.4.0-116-generic root=LABEL=cloudimg-rootfs ro console=tty1 console=ttyS0
[    0.000000] PID ha tle etrs:4096 (de 3, 27 btes)
[  .000000 Mor: 10168K048120 ailable (8530K kernel code, 1309K rwdata, 3992K rodata, 1508K init, 1316K bs, 4432K reserved, 0K cma-reserved)
[    0.000000] SLUB: HWalign=64,Orr=0-, nOject=0 Cs=2,Nos=
[    0.000000] Kernel/User page tables isolation: enabled
[    0.000000] Hierarchicl U mplention.
[  0000000] 	Build-time adjustment of leaf fanout to 64.
[    0.000000] 	RCU restricting CPUs from NR_CPUS=512 to nr_cpu_ids=2.
[    0.000000] RCU: Adjusting geometry for rcufanou_lf=4, n_cu_s=2
  .00000NRIRQS33024 _iqs:40 
    .000] Coso: olourGA80x2
  0.00000]onole ty enale
[   0.000] coso [tyS0 ebld
[  000000] tsc: Detected 2712.004 MHz processor
[    8.489478] Calibrating delay loop (skipped) preset value.. 5424.00 BogoMIPS (lpj=10848016)
[    8.513537] pid_max: default: 32768 minimum: 301
[    8.517416] ACPI: Core revision 20150930
[    8.531404] ACPI: 2 ACPI AML tables successfully acquired and loaded
[    8.637576] Security Framework initialized
[    8.638299] Yama: becoming mindful.
[    8.638956] AppArmor: AppArmor initialized
[    8.639736] Dentry cache hash table entries: 131072 (order: 8, 1048576 bytes)
[    8.642505] Inode-cache hash table entries: 65536 (order: 7, 524288 bytes)
[    8.649415] Mount-cache hash table entries: 2048 (order: 2, 16384 bytes)
[    8.650443] Mountpoint-cache hash table entries: 2048 (order: 2, 16384 bytes)
[    8.750548] Initializing cgroup subsys io
[    8.824959] Initializing cgroup subsys memory
[    8.889174] Initializing cgroup subsys devices
[    8.968710] Initializing cgroup subsys freezer
[    8.985390] Initializing cgroup subsys net_cls
[    9.068507] Initializing cgroup subsys perf_event
[    9.149090] Initializing cgroup subsys net_prio
[    9.237309] Initializing cgroup subsys hugetlb
[    9.301048] Initializing cgroup subsys pids
[    9.301868] CPU: Physical Processor ID: 0
[    9.302573] CPU: Processor Core ID: 0
[    9.303242] FEATURE SPEC_CTRL Not Present
[    9.305589] mce: CPU supports 0 MCE banks
[    9.306306] Last level iTLB entries: 4KB 64, 2MB 8, 4MB 8
[    9.307305] Last level dTLB entries: 4KB 64, 2MB 0, 4MB 0, 1GB 4
[    9.312467] Spectre V2 mitigation: Mitigation: Full generic retpoline
[    9.313451] Spectre V2 mitigation: Speculation control IBPB not-supported IBRS not-supported
[    9.316650] Freeing SMP alternatives memory: 32K
[    9.346211] ftrace: allocating 32186 entries in 126 pages
[    9.493396] smpboot: APIC(0) Converting physical 0 to logical package 0
[    9.593241] smpboot: Max logical packages: 1
[    9.594431] x2apic enabled
[    9.595318] Switched APIC routing to physical x2apic.
[    9.597420] ..TIMER: vector=0x30 apic1=0 pin1=2 apic2=-1 pin2=-1
[    9.824918] smpboot: CPU0: Intel(R) Core(TM) i5-7200U CPU @ 2.50GHz (family: 0x6, model: 0x8e, stepping: 0x9)
[   10.025351] Performance Events: unsupported p6 CPU model 142 no PMU driver, software events only.
[   10.138655] KVM setup paravirtual spinlock
[   10.158367] x86: Booting SMP configuration:
[   10.168513] .... node  #0, CPUs:      #1
[   10.225930] kvm-clock: cpu 1, msr 0:3ffe3041, secondary cpu clock
[   10.229687] mce: CPU supports 0 MCE banks
[   10.232224] x86: Booted up 1 node, 2 CPUs
[   10.275096] smpboot: Total of 2 processors activated (10848.01 BogoMIPS)
[   10.340079] devtmpfs: initialized
[   10.384061] evm: security.selinux
[   10.437045] evm: security.SMACK64
[   10.481330] evm: security.SMACK64EXEC
[   10.537100] evm: security.SMACK64TRANSMUTE
[   10.582363] evm: security.SMACK64MMAP
[   10.618607] evm: security.ima
[   10.619287] evm: security.capability
[   10.620325] clocksource: jiffies: mask: 0xffffffff max_cycles: 0xffffffff, max_idle_ns: 7645041785100000 ns
[   10.644054] futex hash table entries: 512 (order: 3, 32768 bytes)
[   10.734860] pinctrl core: initialized pinctrl subsystem
[   10.774026] RTC time:  0:41:59, date: 08/08/18
[   10.830027] NET: Registered protocol family 16
[   10.906272] cpuidle: using governor ladder
[   10.929835] cpuidle: using governor menu
[   10.977327] PCCT header not found.
[   11.013531] ACPI: bus type PCI registered
[   11.073337] acpiphp: ACPI Hot Plug PCI Controller Driver version: 0.5
[   11.181470] PCI: Using configuration type 1 for base access
[   11.282144] ACPI: Added _OSI(Module Device)
[   11.333770] ACPI: Added _OSI(Processor Device)
[   11.345846] ACPI: Added _OSI(3.0 _SCP Extensions)
[   11.371064] ACPI: Added _OSI(Processor Aggregator Device)
[   11.444247] ACPI: Executed 1 blocks of module-level executable AML code
[   11.524739] ACPI: Interpreter enabled
[   11.565179] ACPI: (supports S0 S5)
[   11.609180] ACPI: Using IOAPIC for interrupt routing
[   11.617225] PCI: Using host bridge windows from ACPI; if necessary, use "pci=nocrs" and report a bug
[   11.640871] ACPI: PCI Root Bridge [PCI0] (domain 0000 [bus 00-ff])
[   11.656778] acpi PNP0A03:00: _OSC: OS supports [ASPM ClockPM Segments MSI]
[   11.657846] acpi PNP0A03:00: _OSC: not requesting OS control; OS requires [ExtendedConfig ASPM ClockPM MSI]
[   11.659417] acpi PNP0A03:00: fail to add MMCONFIG information, can't access extended PCI configuration space under this bridge.
[   11.661481] PCI host bridge to bus 0000:00
[   11.662209] pci_bus 0000:00: root bus resource [io  0x0000-0x0cf7 window]
[   11.672071] pci_bus 0000:00: root bus resource [io  0x0d00-0xffff window]
[   11.730127] pci_bus 0000:00: root bus resource [mem 0x000a0000-0x000bffff window]
[   11.741367] pci_bus 0000:00: root bus resource [mem 0x40000000-0xfdffffff window]
[   11.742703] pci_bus 0000:00: root bus resource [bus 00-ff]
[   11.747048] pci 0000:00:01.1: legacy IDE quirk: reg 0x10: [io  0x01f0-0x01f7]
[   11.748147] pci 0000:00:01.1: legacy IDE quirk: reg 0x14: [io  0x03f6]
[   11.759461] pci 0000:00:01.1: legacy IDE quirk: reg 0x18: [io  0x0170-0x0177]
[   11.769644] pci 0000:00:01.1: legacy IDE quirk: reg 0x1c: [io  0x0376]
[   11.812786] pci 0000:00:07.0: quirk: [io  0x4000-0x403f] claimed by PIIX4 ACPI
[   11.828295] pci 0000:00:07.0: quirk: [io  0x4100-0x410f] claimed by PIIX4 SMB
[   11.835405] ACPI: PCI Interrupt Link [LNKA] (IRQs 5 9 10 *11)
[   11.921184] ACPI: PCI Interrupt Link [LNKB] (IRQs 5 9 *10 11)
[   11.989102] ACPI: PCI Interrupt Link [LNKC] (IRQs 5 *9 10 11)
[   12.087538] ACPI: PCI Interrupt Link [LNKD] (IRQs 5 9 10 *11)
[   12.140281] ACPI: Enabled 2 GPEs in block 00 to 07
[   12.198650] vgaarb: setting as boot device: PCI:0000:00:02.0
[   12.268998] vgaarb: device added: PCI:0000:00:02.0,decodes=io+mem,owns=io+mem,locks=none
[   12.301570] vgaarb: loaded
[   12.345562] vgaarb: bridge control possible 0000:00:02.0
[   12.374736] SCSI subsystem initialized
[   12.384964] ACPI: bus type USB registered
[   12.428769] usbcore: registered new interface driver usbfs
[   12.431386] usbcore: registered new interface driver hub
[   12.501279] usbcore: registered new device driver usb
[   12.570725] PCI: Using ACPI for IRQ routing
[   12.625265] NetLabel: Initializing
[   12.661218] NetLabel:  domain hash size = 128
[   12.717049] NetLabel:  protocols = UNLABELED CIPSOv4
[   12.736196] NetLabel:  unlabeled traffic allowed by default
[   12.753721] amd_nb: Cannot enumerate AMD northbridges
[   12.773554] clocksource: Switched to clocksource kvm-clock
[   12.836] ppmo AArr lest Ebl
  3.83] p:nPCP ini
  3.557]npPnAC: un3 vis
[   14.291066] clocksource: acpi_pm: mask: 0xffffff max_cycles: 0xffffff, max_idle_ns: 2085701024 ns
[   14.292597] NET: Registered protocol family 2
[   14.293470] TCP established hash table entries: 8192 (order: 4, 65536 bytes)
[   14.299753] TCP bind hash table entries: 8192 (order: 5, 131072 bytes)
[   14.300786] TCP: Hash tables configured (established 8192 bind 8192)
[   14.301786] UDP hash table entries: 512 (order: 2, 16384 bytes)
[   14.302739] UDP-Lite hash table entries: 512 (order: 2, 16384 bytes)
[   14.305749] NET: Registered protocol family 1
[   14.316431] pci 0000:00:00.0: Limiting direct PCI/PCI transfers
[   14.360043] pci 0000:00:01.0: Activating ISA DMA hang workarounds
[   14.371264] Unpacking initramfs...
[   16.020580] Freeing initrd memory: 10844K
[   16.083382] platform rtc_cmos: registered platform RTC device (no PNP device found)
[   16.157731] Scanning for low memory corruption every 60 seconds
[   16.193365] audit: initializing netlink subsys (disabled)
[   16.292321] audit: type=2000 audit(1533688917.250:1): initialized
[   16.346241] Initialise system trusted keyring
[   16.422033] HugeTLB registered 2 MB page size, pre-allocated 0 pages
[   16.426099] zbud: loaded
[   16.426999] VFS: Disk quotas dquot_6.6.0
[   16.427732] VFS: Dquot-cache hash table entries: 512 (order 0, 4096 bytes)
[   16.539592] squashfs: version 4.0 (2009/01/31) Phillip Lougher
[   16.570700] fuse init (API version 7.23)
[   16.646665] Key type big_key registered
[   16.657535] Allocating IMA MOK and blacklist keyrings.
[   16.693912] Key type asymmetric registered
[   16.755741] Asymmetric key parser 'x509' registered
[   16.823078] Block layer SCSI generic (bsg) driver version 0.4 loaded (major 249)
[   16.920285] io scheduler noop registered
[   16.936641] io scheduler deadline registered (default)
[   16.941613] io scheduler cfq registered
[   16.945904] pci_hotplug: PCI Hot Plug PCI Core version: 0.5
[   16.951189] pciehp: PCI Express Hot Plug Controller Driver version: 0.4
[   16.984735] ACPI: AC Adapter [AC] (on-line)
[   16.989609] input: Power Button as /devices/LNXSYSTM:00/LNXPWRBN:00/input/input0
[   16.991147] ACPI: Power Button [PWRF]
[   16.991993] input: Sleep Button as /devices/LNXSYSTM:00/LNXSLPBN:00/input/input1
[   16.995436] ACPI: Sleep Button [SLPF]
[   17.002526] GHES: HEST is not enabled!
[   17.003221] ACPI: Battery Slot [BAT0] (battery present)
[   17.023855] Serial: 8250/16550 driver, 32 ports, IRQ sharing enabled
[   17.048959] 00:02: ttyS0 at I/O 0x3f8 (irq = 4, base_baud = 115200) is a 16550A
[   17.211869] tsc: Refined TSC clocksource calibration: 2711.925 MHz
[   17.285990] clocksource: tsc: mask: 0xffffffffffffffff max_cycles: 0x27173fac0c9, max_idle_ns: 440795288675 ns
[ 179182Lix pgrtinrfe .103

[   17.757926] loop: module loaded
[   17.799206] scsi host0: ata_piix
[   17.831386] scsi host1: ata_piix
[   17.856401] ata1: PATA max UDMA/33 cmd 0x1f0 ctl 0x3f6 bmdma 0xd000 irq 14
[   17.858906] ata2: PATA max UDMA/33 cmd 0x170 ctl 0x376 bmdma 0xd008 irq 15
[   17.862514] libphy: Fixed MDIO Bus: probed
[   17.863242] tun: Universal TUN/TAP device driver, 1.6
[   17.864079] tun: (C) 1999-2004 Max Krasnyansky <maxk@qualcomm.com>
[   17.865086] PPP generic driver version 2.4.2
[   17.865913] ehci_hcd: USB 2.0 'Enhanced' Host Controller (EHCI) Driver
[   17.866967] ehci-pci: EHCI PCI platform driver
[   17.867739] ehci-platform: EHCI generic platform driver
[   17.868602] ohci_hcd: USB 1.1 'Open' Host Controller (OHCI) Driver
[   17.893582] ohci-pci: OHCI PCI platform driver
[   17.908419] ohci-platform: OHCI generic platform driver
[   17.952579] uhci_hcd: USB Universal Host Controller Interface driver
[   18.020836] i8042: PNP: PS/2 Controller [PNP0303:PS2K,PNP0f03:PS2M] at 0x60,0x64 irq 1,12
[   18.056783] serio: i8042 KBD port at 0x60,0x64 irq 1
[   18.069415] serio: i8042 AUX port at 0x60,0x64 irq 12
[   18.075835] mousedev: PS/2 mouse device common for all mice
[   18.086221] input: AT Translated Set 2 keyboard as /devices/platform/i8042/serio0/input/input2
[   18.095355] rtc_cmos rtc_cmos: rtc core: registered rtc_cmos as rtc0
[   18.099402] rtc_cmos rtc_cmos: alarms up to one day, 114 bytes nvram
[   18.107705] i2c /dev entries driver
[   18.108546] device-mapper: uevent: version 1.0.3
[   18.111253] device-mapper: ioctl: 4.34.0-ioctl (2015-10-28) initialised: dm-devel@redhat.com
[   18.121931] ledtrig-cpu: registered to indicate activity on CPUs
[   18.124571] NET: Registered protocol family 10
[   18.125571] NET: Registered protocol family 17
[   18.127889] Key type dns_resolver registered
[   18.132915] microcode: CPU0 sig=0x806e9, pf=0x2, revision=0x0
[   18.134025] microcode: CPU1 sig=0x806e9, pf=0x2, revision=0x0
[   18.134968] microcode: Microcode Update Driver: v2.01 <tigran@aivazian.fsnet.co.uk>, Peter Oruba
[   18.139490] registered taskstats version 1
[   18.141594] Loading compiled-in X.509 certificates
[   18.142958] Loaded X.509 cert 'Build time autogenerated kernel key: aa84f01984fbd529c105810b59e379d349698248'
[   18.154387] zswap: loaded using pool lzo/zbud
[   18.234535] Key type trusted registered
[   18.276386] Key type encrypted registered
[   18.295454] AppArmor: AppArmor sha1 policy hashing enabled
[   18.354326] ima: No TPM chip found, activating TPM-bypass!
[   18.362038] evm: HMAC attrs: 0x1
[   18.427305]   Magic number: 14:740:657
[   18.452440] rtc_cmos rtc_cmos: setting system clock to 2018-08-08 00:42:06 UTC (1533688926)
[   18.477157] BIOS EDD facility v0.16 2004-Jun-25, 0 devices found
[   18.499124] EDD information not available.
[   18.505749] Freeing unused kernel memory: 1508K
[   18.508808] Write protecting the kernel read-only data: 14336k
[   18.510103] Freeing unused kernel memory: 1700K
[   18.512866] Freeing unused kernel memory: 104K
Loading, please [   18.524304] random: systemd-udevd: uninitialized urandom read (16 bytes read, 3 bits of entropy available)
wait...
startin[   18.524856] random: udevadm: uninitialized urandom read (16 bytes read, 3 bits of entropy available)
g version 229
[   18.524880] random: udevadm: uninitialized urandom read (16 bytes read, 3 bits of entropy available)
[   18.531713] random: udevadm: uninitialized urandom read (16 bytes read, 3 bits of entropy available)
[   18.531751] random: udevadm: uninitialized urandom read (16 bytes read, 3 bits of entropy available)
[   18.531862] random: udevadm: uninitialized urandom read (16 bytes read, 3 bits of entropy available)
[   18.531903] random: udevadm: uninitialized urandom read (16 bytes read, 3 bits of entropy available)
[   18.531944] random: udevadm: uninitialized urandom read (16 bytes read, 3 bits of entropy available)
[   18.531982] random: udevadm: uninitialized urandom read (16 bytes read, 3 bits of entropy available)
[   18.532019] random: udevadm: uninitialized urandom read (16 bytes read, 3 bits of entropy available)
[   18.923477] e1000: Intel(R) PRO/1000 Network Driver - version 7.3.21-k8-NAPI
[   18.989050] e1000: Copyright (c) 1999-2006 Intel Corporation.
[   19.007492] AVX2 version of gcm_enc/dec engaged.
[   19.011027] Fusion MPT base driver 3.04.20
[   19.011028] Copyright (c) 1999-2008 LSI Corporation
[   19.047765] AES CTR mode by8 optimization enabled
[   19.055221] Fusion MPT SPI Host driver 3.04.20
[   19.202782] input: ImExPS/2 Generic Explorer Mouse as /devices/platform/i8042/serio1/input/input4
[   19.415575] e1000 0000:00:03.0 eth0: (PCI:33MHz:32-bit) 02:27:b7:20:75:f7
[   19.475998] e1000 0000:00:03.0 eth0: Intel(R) PRO/1000 Network Connection
[   19.483334] mptbase: ioc0: Initiating bringup
[   19.483957] e1000 0000:00:03.0 enp0s3: renamed from eth0
[   19.594157] ioc0: LSI53C1030 A0: Capabilities={Initiator}
[   19.883821] scsi host2: ioc0: LSI53C1030 A0, FwRev=00000000h, Ports=1, MaxQ=256, IRQ=20
[   20.094772] scsi 2:0:0:0: Direct-Access     VBOX     HARDDISK         1.0  PQ: 0 ANSI: 5
[   21.529857] scsi target2:0:0: Beginning Domain Validation
[   21.734397] scsi target2:0:0: Domain Validation skipping write tests
[   21.735795] scsi target2:0:0: Ending Domain Validation
[   21.736911] scsi target2:0:0: asynchronous
[   22.010576] scsi 2:0:1:0: Direct-Access     VBOX     HARDDISK         1.0  PQ: 0 ANSI: 5
[   22.035218] scsi target2:0:1: Beginning Domain Validation
[   22.037214] scsi target2:0:1: Domain Validation skipping write tests
[   22.051211] scsi target2:0:1: Ending Domain Validation
[   22.052439] floppy0: no floppy controllers found
[   22.052487] scsi target2:0:1: asynchronous
[   22.061963] sd 2:0:0:0: [sda] 20971520 512-byte logical blocks: (10.7 GB/10.0 GiB)
[   22.062094] sd 2:0:0:0: Attached scsi generic sg0 type 0
[   22.067196] sd 2:0:0:0: [sda] Write Protect is off
[   22.067527] sd 2:0:1:0: Attached scsi generic sg1 type 0
[   22.067673] sd 2:0:1:0: [sdb] 20480 512-byte logical blocks: (10.5 MB/10.0 MiB)
[   22.067818] sd 2:0:1:0: [sdb] Write Protect is off
[   22.067901] sd 2:0:1:0: [sdb] Incomplete mode parameter data
[   22.067902] sd 2:0:1:0: [sdb] Assuming drive cache: write through
[   22.083042] sd 2:0:1:0: [sdb] Attached SCSI disk
[   22.103084] sd 2:0:0:0: [sda] Incomplete mode parameter data
[   22.104510] sd 2:0:0:0: [sda] Assuming drive cache: write through
[   22.114183]  sda: sda1
[   22.116906] sd 2:0:0:0: [sda] Attached SCSI disk
Begin: Loading e[   23.447900] md: linear personality registered for level -1
ssential drivers[   23.524588] md: multipath personality registered for level -4
 ... [   23.566416] md: raid0 personality registered for level 0
[   23.608895] md: raid1 personality registered for level 1
[   23.726336] raid6: sse2x1   gen() 10250 MB/s
[   23.841935] raid6: sse2x1   xor()  7851 MB/s
[   23.961755] raid6: sse2x2   gen() 12422 MB/s
[   24.049736] raid6: sse2x2   xor()  8561 MB/s
[   24.178100] raid6: sse2x4   gen() 14344 MB/s
[   24.322161] raid6: sse2x4   xor() 10003 MB/s
[   24.421680] raid6: avx2x1   gen() 20041 MB/s
[   24.533564] raid6: avx2x2   gen() 19947 MB/s
[   24.629728] raid6: avx2x4   gen() 25211 MB/s
[   24.646512] raid6: using algorithm avx2x4 gen() 25211 MB/s
[   24.711859] raid6: using avx2x2 recovery algorithm
[   24.767197] xor: automatically using best checksumming function:
[   24.813734]    avx       : 17166.000 MB/sec
[   24.854380] async_tx: api initialized (async)
[   24.877616] md: raid6 personality registered for level 6
[   24.885030] md: raid5 personality registered for level 5
[   24.957722] md: raid4 personality registered for level 4
[   25.037194] md: raid10 personality registered for level 10
done.
Begin: Running /scripts/init-premount ... done.
Begin: Mounting root file system ... Begin: Running /scripts/local-top ... done.
Begin: Running /scripts/local-premount ... [   25.070311] Btrfs loaded
Scanning for Btrfs filesystems
done.
Warning: fsck not present, so sk[   25.139178] EXT4-fs (sda1): mounted filesystem with ordered data mode. Opts: (null)
ipping root file system
done.
Begin: Running /scripts/local-bottom ... done.
Begin: Running /scripts/init-bottom ... done.
[   25.311598] systemd[1]: systemd 229 running in system mode. (+PAM +AUDIT +SELINUX +IMA +APPARMOR +SMACK +SYSVINIT +UTMP +LIBCRYPTSETUP +GCRYPT +GNUTLS +ACL +XZ -LZ4 +SECCOMP +BLKID +ELFUTILS +KMOD -IDN)
[   25.332792] systemd[1]: Detected virtualization oracle.
[   25.333659] systemd[1]: Detected architecture x86-64.

Welcome to [1mUbuntu 16.04.4 LTS[0m!

[   25.342703] systemd[1]: Set hostname to <ubuntu>.
[   25.345214] systemd[1]: Initializing machine ID from random generator.
[   25.359875] systemd[1]: Installed transient /etc/machine-id file.
[   25.490811] systemd[1]: Reached target Encrypted Volumes.
[[0;32m  OK  [0m] Reached target Encrypted Volumes.
[   25.545321] systemd[1]: Listening on udev Control Socket.
[[0;32m  OK  [0m] Listening on udev Control Socket.
[   25.554509] systemd[1]: Reached target Swap.
[[0;32m  OK  [0m] Reached target Swap.
[   25.572073] systemd[1]: Listening on Syslog Socket.
[[0;32m  OK  [0m] Listening on Syslog Socket.
[   25.578417] systemd[1]: Set up automount Arbitrary Executable File Formats File System Automount Point.
[[0;32m  OK  [0m] Set up automount Arbitrary Executab...ats File System Automount Point.
[   25.644418] systemd[1]: Created slice User and Session Slice.
[[0;32m  OK  [0m] Created slice User and Session Slice.
[   25.659423] systemd[1]: Listening on Journal Audit Socket.
[[0;32m  OK  [0m] Listening on Journal Audit Socket.
[   25.663151] systemd[1]: Created slice System Slice.
[[0;32m  OK  [0m] Created slice System Slice.
[   25.665109] systemd[1]: Reached target Slices.
[[0;32m  OK  [0m] Reached target Slices.
[   25.669143] systemd[1]: Listening on LVM2 metadata daemon socket.
[[0;32m  OK  [0m] Listening on LVM2 metadata daemon socket.
[   25.677122] systemd[1]: Reached target User and Group Name Lookups.
[[0;32m  OK  [0m] Reached target User and Group Name Lookups.
[   25.680424] systemd[1]: Listening on Journal Socket.
[[0;32m  OK  [0m] Listening on Journal Socket.
[   25.694655] systemd[1]: Mounting POSIX Message Queue File System...
         Mounting POSIX Message Queue File System...
[   25.870271] systemd[1]: Starting Set console keymap...
         Starting Set console keymap...
[   25.958894] systemd[1]: Starting Load Kernel Modules...
         Starting Load Kernel Modules...
[   25.971246] systemd[1]: Starting Nameserver information manager...
[   25.975454] Loading iSCSI transport class v2.0-870.
         Starting Nameserver information manager...
[   25.978506] systemd[1]: Starting Create list of required static device nodes for the current kernel...
[   26.049278] random: nonblocking pool is initialized
         Starting Create list of required st... nodes for the current kernel...
[   26.060811] systemd[1]: Starting Remount Root and Kernel File Systems...
         Starting Remount[   26.149820] iscsi: registered transport (tcp)
 Root and Kernel[   26.150113] EXT4-fs (sda1): re-mounted. Opts: (null)
 File Systems...
[   26.242456] systemd[1]: Mounting Huge Pages File System...
         Mountin[   26.258077] iscsi: registered transport (iser)
g Huge Pages File System...
[   26.302294] systemd[1]: Listening on LVM2 poll daemon socket.
[[0;32m  OK  [0m] Listening on LVM2 poll daemon socket.
[   26.420531] systemd[1]: Listening on Device-mapper event daemon FIFOs.
[[0;32m  OK  [0m] Listening on Device-mapper event daemon FIFOs.
[   26.434946] systemd[1]: Starting Monitoring of LVM2 mirrors, snapshots etc. using dmeventd or progress polling...
         Starting Monitoring of LVM2 mirrors... dmeventd or progress polling...
[   26.565071] systemd[1]: Listening on Journal Socket (/dev/log).
[[0;32m  OK  [0m] Listening on Journal Socket (/dev/log).
[   26.614036] systemd[1]: Starting Journal Service...
         Starting Journal Service...
[   26.643570] systemd[1]: Listening on udev Kernel Socket.
[[0;32m  OK  [0m] Listening on udev Kernel Socket.
[   26.710737] systemd[1]: Started Trigger resolvconf update for networkd DNS.
[[0;32m  OK  [0m] Started Trigger resolvconf update for networkd DNS.
[   267794 ste[1: Created li sstemserial\x2dgety.lice
[[0;32m  OK  [0m] Created slice system-serial\x2dgetty.slice.
[   27.270248] systemd[1]: Listening on /dev/initctl Compatibility Named Pipe.
[[0;32m  OK  [0m] Listening on /dev/initctl Compatibility Named Pipe.
[  2.4867]sytemd[1]:StrtedFoard Password Requests to Wall Directory Watch.

[[0;32m  OK  [0m] Started Forward Password Requests to Wall Directory Watch.
[   27.738023] systemd[1]: Mounting Debug File System...
         Mounting Debug File System...
[   27.765973] systemd[1]: Starting Uncomplicated firewall...
         Starting Uncomplicated firewall...
[   27.775619] systemd[1]: Mounted POSIX Message Queue File System.
[[0;32m  OK  [0m] Mounted POSIX Message Queue File System.
[   27.796218] systemd[1]: Mounted Huge Pages File System.
[[0;32m  OK  [0m] Mounted Huge Pages File System.
[   27.801333] systemd[1]: Mounted Debug File System.
[[0;32m  OK  [0m] Mounted Debug File System.
[   27.814667] systemd[1]: Started Journal Service.
[[0;32m  OK  [0m] Started Journal Service.
[[0;32m  OK  [0m] Started Set console keymap.
[[0;32m  OK  [0m] Started Load Kernel Modules.
[[0;32m  OK  [0m] Started Create list of required sta...ce nodes for the current kernel.
[[0;32m  OK  [0m] Started Remount Root and Kernel File Systems.
[[0;32m  OK  [0m] Started Uncomplicated firewall.
[[0;32m  OK  [0m] Started Nameserver information manager.
[[0;32m  OK  [0m] Started LVM2 metadata daemon.
         Starting Load/Save Random Seed...
         Starting udev Coldplug all Devices...
         Starting Initial cloud-init job (pre-networking)...
         Starting Create Static Device Nodes in /dev...
         Mounting FUSE Control File System...
         Starting Apply Kernel Variables...
         Starting Flush Journal to Persistent Storage...
[[0;32m  OK  [0m] Mounted FUSE Control File System.
[[0;32m  OK  [0m] Started Load/Save Random Seed.
[[0;32m  OK  [0m] Started Create Static Device Nodes in /dev.
[[0;32m  OK  [0m] Started Apply Kernel Variables.
[[0;32m  OK  [0m] Started udev Coldplug all Devices.
         Starting udev Kernel Device Manager...
[[0;32m  OK  [0m] Started udev Kernel Device Manager.
[[0;32m  OK  [0m] Started Flush Journal to Persistent Storage.
[[0;32m  OK  [0m] Started Dispatch Password Requests to Console Directory Watch.
[[0;32m  OK  [0m] Found device /dev/ttyS0.
[[0;32m  OK  [0m] Started Monitoring of LVM2 mirrors,...ng dmeventd or progress polling.
[[0;32m  OK  [0m] Reached target Local File Systems (Pre).
[[0;32m  OK  [0m] Reached target Local File Systems.
         Starting Set console font and keymap...
         Starting Tell Plymouth To Write Out Runtime Data...
         Starting Create Volatile Files and Directories...
         Starting Commit a transient machine-id on disk...
         Starting LSB: AppArmor initialization...
[[0;32m  OK  [0m] Started Tell Plymouth To Write Out Runtime Data.
[[0;32m  OK  [0m] Started Create Volatile Files and Directories.
[[0;32m  OK  [0m] Started Commit a transient machine-id on disk.
[[0;32m  OK  [0m] Listening on Load/Save RF Kill Switch Status /dev/rfkill Watch.
[[0;32m  OK  [0m] Reached target System Time Synchronized.
[   16.895086] cloud-init[447]: Cloud-init v. 17.1 running 'init-local' at Wed, 08 Aug 2018 00:42:16 +0000. Up 16.46 seconds.
         Starting Update UTMP about System Boot/Shutdown...
[[0;32m  OK  [0m] Started Initial cloud-init job (pre-networking).
[[0;32m  OK  [0m] Started LSB: AppArmor initialization.
[[0;32m  OK  [0m] Started Update UTMP about System Boot/Shutdown.
[[0;32m  OK  [0m] Reached target Network (Pre).
         Starting Raise network interfaces...
[[0;32m  OK  [0m] Started Set console font and keymap.
[[0;32m  OK  [0m] Created slice system-getty.slice.
[[0;32m  OK  [0m] Started Raise network interfaces.
         Starting Initial cloud-init job (metadata service crawler)...
[[0;32m  OK  [0m] Reached target Network.
[   20.237448] cloud-init[936]: Cloud-init v. 17.1 running 'init' at Wed, 08 Aug 2018 00:42:20 +0000. Up 19.79 seconds.
[   20.328564] cloud-init[936]: ci-info: +++++++++++++++++++++++++++++++++++++Net device info++++++++++++++++++++++++++++++++++++++
[   20.328900] cloud-init[936]: ci-info: +--------+------+----------------------------+---------------+-------+-------------------+
[[0;32m  OK  [0m] Started Initial cloud-init job (metadata service crawler).
[   20.329099] cloud-init[936]: ci-info: | Device |  Up  |          Address           |      Mask     | Scope |     Hw-Address    |
[   20.369003] cloud-init[936]: ci-info: +--------+------+----------------------------+---------------+-------+-------------------+
[   20.369235] cloud-init[936]: ci-info: | enp0s3 | True |         10.0.2.15          | 255.255.255.0 |   .   | 02:27:b7:20:75:f7 |
[[0;32m  OK  [0m] Reached target Cloud-config availability.
[   20.369379] cloud-init[936]: ci-info: | enp0s3 | True | fe80::27:b7ff:fe20:75f7/64 |       .       |  link | 02:27:b7:20:75:f7 |
[   20.383377] cloud-init[936]: ci-info: |   lo   | True |         127.0.0.1          |   255.0.0.0   |   .   |         .         |
[[0;32m  OK  [0m] Reached target Network is Online.
[   20.383507] cloud-init[936]: ci-info: |   lo   | True |          ::1/128           |       .       |  host |         .         |
[   20.478505] cloud-init[936]: ci-info: +--------+------+----------------------------+---------------+-------+-------------------+
[   20.478720] cloud-init[936]: ci-info: +++++++++++++++++++++++++++Route IPv4 info++++++++++++++++++++++++++++
         Starting iSCSI initiator daemon (iscsid)...
[   20.478879] cloud-init[936]: ci-info: +-------+-------------+----------+---------------+-----------+-------+
[   20.762937] cloud-init[936]: ci-info: | Route | Destination | Gateway  |    Genmask    | Interface | Flags |
[[0;32m  OK  [0m] Reached target System Initialization.
[   20.763081] cloud-init[936]: ci-info: +-------+-------------+----------+---------------+-----------+-------+
[   20.984482] cloud-init[936]: ci-info: |   0   |   0.0.0.0   | 10.0.2.2 |    0.0.0.0    |   enp0s3  |   UG  |
[   20.984744] cloud-init[936]: ci-info: |   1   |   10.0.2.0  | 0.0.0.0  | 255.255.255.0 |   enp0s3  |   U   |
[[0;32m  OK  [0m] Started ACPI Events Check.
[[   20.984904] cloud-init[936]: ci-info: +-------+-------------+----------+---------------+-----------+-------+
[   21.158276] cloud-init[936]: Generating public/private rsa key pair.
[   21.158394] cloud-init[936]: Your identification has been saved in /etc/ssh/ssh_host_rsa_key.
[   21.158547] cloud-init[936]: Your public key has been saved in /etc/ssh/ssh_host_rsa_key.pub.
[   21.158872] cloud-init[936]: The key fingerprint is:
[   21.159018] cloud-init[936]: SHA256:MrasSnu4nSfewgtDwNw/luN/WGMezRbOuoYDnlhZvFo root@ubuntu-xenial
[   21.159202] cloud-init[936]: The key's randomart image is:
[   21.159359] cloud-init[936]: +---[RSA 2048]----+
[   21.159524] cloud-init[936]: |                 |
[   21.159687] cloud-init[936]: |o .              |
[   21.159835] cloud-init[936]: |.o .  .          |
[   21.160326] cloud-init[936]: | .  . .o   .     |
[   21.160473] cloud-init[936]: |  .  ** S = .    |
[0;32m  OK  [0m] Reached target Paths.
[[   21.160645] cloud-init[936]: | .  o*oE = *     |
[   21.199853] cloud-init[936]: |  +o+.B * =      |
[0;32m  OK  [0m] Listening on UUID daemon activation socket.
[[   21.199988] cloud-init[936]: | ..*=Bo+ =       |
[   21.256508] cloud-init[936]: |  +=*=..+..      |
[   21.256793] cloud-init[936]: +----[SHA256]-----+
[   21.256946] cloud-init[936]: Generating public/private dsa key pair.
[0;32m  OK  [0m] Listening on D-Bus System Message Bus Socket.
         Starting Socket activation for snappy daemon.
[   21.257105] cloud-init[936]: Your identification has been saved in /etc/ssh/ssh_host_dsa_key.
[   21.549868] cloud-init[936]: Your public key has been saved in /etc/ssh/ssh_host_dsa_key.pub.
[   21.550883] cloud-init[936]: The key fingerprint is:
         Starting LXD - unix socket.
[[   21.551322] cloud-init[936]: SHA256:9NyreoxAqumzRnjOmm3jy/YekQH3V+ntBxp0wOYIPeA root@ubuntu-xenial
[   21.653585] cloud-init[936]: The key's randomart image is:
[0;32m  OK  [0m] Started Timer to automatically refresh installed snaps.
[   21.653709] cloud-init[936]: +---[DSA 1024]----+
[   21.900807] cloud-init[936]: |  . . .o .oo     |
[[0;32m  OK  [0m] Listening on ACPID Listen Socket.
[[   21.900945] cloud-init[936]: |   o o. o.= .    |
[   21.920484] cloud-init[936]: |    . E.oB o     |
[0;32m  OK  [0m] Started Daily apt download activities.
[   21.920605] cloud-init[936]: |     o.o.o+.o    |
[   22.027183] cloud-init[936]: | .  oo  S o+..   |
[[0;32m  OK  [0m] Started Daily apt upgrade and clean activities.
[   22.027308] cloud-init[936]: |. o ...   . ...  |
[   22.124792] cloud-init[936]: | = o.  . o  ..   |
[[0;32m  OK  [0m] Started Daily Cleanup of Temporary Directories.
[[   22.124960] cloud-init[936]: | +@  .  . o.     |
[   22.186968] cloud-init[936]: |oBBBo   .o.      |
[0;32m  OK  [0m] Reached target Timers.
[   22.187092] cloud-init[936]: +----[SHA256]-----+
[   22.336251] cloud-init[936]: Generating public/private ecdsa key pair.
[   22.336532] cloud-init[936]: Your identification has been saved in /etc/ssh/ssh_host_ecdsa_key.
[[0;32m  OK  [0m] Listening on Socket activation for snappy daemon.
[   22.336673] cloud-init[936]: Your public key has been saved in /etc/ssh/ssh_host_ecdsa_key.pub.
[   22.366016] cloud-init[936]: The key fingerprint is:
[[0;32m  OK  [0m] Listening on LXD - unix socket.
[[   22.366125] cloud-init[936]: SHA256:GfhiI2GCwqIj1ENYh5QClHfBRyKRuyvji9R6Fg9pKXk root@ubuntu-xenial
[   22.509472] cloud-init[936]: The key's randomart image is:
[   22.509611] cloud-init[936]: +---[ECDSA 256]---+
[   22.509787] cloud-init[936]: |+.=**+o.         |
[0;32m  OK  [0m] Started iSCSI initiator daemon (iscsid).
[   22.509937] cloud-init[936]: |.=o=oo.o         |
[   22.642898] cloud-init[936]: |+o+o= o .        |
[   22.648175] cloud-init[936]: |=  +.. . o       |
[   22.655263] cloud-init[936]: |+ . = + S        |
[   22.668958] cloud-init[936]: |.+.E o o         |
[   22.669245] cloud-init[936]: | .+.=            |
         Starting Login to default iSCSI targets...
[   22.669400] cloud-init[936]: |oo.+ .           |
[   22.690692] cloud-init[936]: |o+*              |
[[0;32m  OK  [0m] Reached target Sockets.
[   22.690802] cloud-init[936]: +----[SHA256]-----+
[   22.713382] cloud-init[936]: Generating public/private ed25519 key pair.
[[0;32m  OK  [0m] Reached target Basic System.
[   22.713499] cloud-init[936]: Your identification has been saved in /etc/ssh/ssh_host_ed25519_key.
[   22.756277] cloud-init[936]: Your public key has been saved in /etc/ssh/ssh_host_ed25519_key.pub.
[   22.756600] cloud-init[936]: The key fingerprint is:
         Starting Apply the settings specified in cloud-config...
[   22.756749] cloud-init[936]: SHA256:QNYStEdKK8cGSrWZM5fQpuZ1imv5CKygKItlsTK5Gc0 root@ubuntu-xenial
[   22.788090] cloud-init[936]: The key's randomart image is:
[   22.788430] cloud-init[936]: +--[ED25519 256]--+
[[0;32m  OK  [0m] Started Deferred execution scheduler.
[   22.788599] cloud-init[936]: |  ..+o*o.        |
[[0;32m  OK  [0m] Started FUSE filesystem for LXC.
         Starting /etc/rc.local Compatibility...
[   22.799713] cloud-init[936]: | . . @+*.        |
[   22.842196] cloud-init[936]: |  . Bo@..        |
[   22.844759] cloud-init[936]: |    oB.o.        |
[   22.847283] cloud-init[936]: |  .o o oS        |
[[0;32m  OK  [0m] Started Regular background program processing daemon.
[   22.882860] cloud-init[936]: | = oo .          |
[   22.985247] cloud-init[936]: |* E  o           |
[   22.987763] cloud-init[936]: |*X .+.           |
[   22.990249] cloud-init[936]: |X. ....          |
[   22.991831] cloud-init[936]: +----[SHA256]-----+
         Starting LSB: MD monitoring daemon...
[[0;32m  OK  [0m] Started Unattended Upgrades Shutdown.
         Starting LSB: Record successful boot for GRUB...
         Starting Login Service...
[[0;32m  OK  [0m] Started D-Bus System Message Bus.
         Starting Pollinate to seed the pseudo random number generator...
[   23.250411] cloud-init[1038]: Generating locales (this might take a while)...
         Starting System Logging Service...
         Starting Accounts Service...
         Starting LXD - container startup/shutdown...
[[0;32m  OK  [0m] Started ACPI event daemon.
         Starting Snappy daemon...
[[0;32m  OK  [0m] Started System Logging Service.
[[0;32m  OK  [0m] Started /etc/rc.local Compatibility.
[[0;32m  OK  [0m] Started LXD - container startup/shutdown.
[[0;32m  OK  [0m] Started Login to default iSCSI targets.
[[0;32m  OK  [0m] Started LSB: MD monitoring daemon.
[[0;32m  OK  [0m] Started LSB: Record successful boot for GRUB.
[[0;32m  OK  [0m] Started Snappy daemon.
[[0;32m  OK  [0m] Started Login Service.
         Starting Authenticate and Authorize Users to Run Privileged Tasks...
[[0;32m  OK  [0m] Reached target Remote File Systems (Pre).
[[0;32m  OK  [0m] Reached target Remote File Systems.
         Starting LSB: daemon to balance interrupts for SMP systems...
         Starting LSB: VirtualBox Linux Additions...
         Starting LSB: Set the CPU Frequency Scaling governor to "ondemand"...
         Starting LSB: automatic crash report generation...
         Starting Permit User Sessions...
[[0;32m  OK  [0m] Started Permit User Sessions.
[[0;32m  OK  [0m] Started Authenticate and Authorize Users to Run Privileged Tasks.
[[0;32m  OK  [0m] Started Accounts Service.
[[0;32m  OK  [0m] Started LSB: daemon to balance interrupts for SMP systems.
         Starting Hold until boot process finishes up...
         Starting Terminate Plymouth Boot Screen...
[[0;32m  OK  [0m] Started LSB: VirtualBox Linux Additions.
[[0;32m  OK  [0m] Started LSB: Set the CPU Frequency Scaling governor to "ondemand".
[[0;32m  OK  [0m] Started Hold until boot process finishes up.
[[0;32m  OK  [0m] Started Terminate Plymouth Boot Screen.
[[0;32m  OK  [0m] Started Getty on tty1.
         Starting Set console scheme...
[   24.317678] cloud-init[1038]:   en_US.UTF-8... done
[   24.322682] cloud-init[1038]: Generation complete.
[[0;32m  OK  [0m] Started Serial Getty on ttyS0.
[[0;32m  OK  [0m] Reached target Login Prompts.
[[0;32m  OK  [0m] Started LSB: automatic crash report generation.
[[0;32m  OK  [0m] Started Set console scheme.
[   24.587644] cloud-init[1038]: Cloud-init v. 17.1 running 'modules:config' at Wed, 08 Aug 2018 00:42:23 +0000. Up 23.08 seconds.
[[0;32m  OK  [0m] Started Apply the settings specified in cloud-config.
[[0;32m  OK  [0m] Started Pollinate to seed the pseudo random number generator.
         Starting OpenBSD Secure Shell server...
[[0;32m  OK  [0m] Started OpenBSD Secure Shell server.
[[0;32m  OK  [0m] Reached target Multi-User System.
         Starting Execute cloud user/final scripts...
[[0;32m  OK  [0m] Reached target Graphical Interface.
         Starting Update UTMP about System Runlevel Changes...
[[0;32m  OK  [0m] Started Update UTMP about System Runlevel Changes.
ci-info: no authorized ssh keys fingerprints found for user ubuntu.
<14>Aug  8 00:42:26 ec2: 
<14>Aug  8 00:42:26 ec2: #############################################################
<14>Aug  8 00:42:26 ec2: -----BEGIN SSH HOST KEY FINGERPRINTS-----
<14>Aug  8 00:42:26 ec2: 1024 SHA256:9NyreoxAqumzRnjOmm3jy/YekQH3V+ntBxp0wOYIPeA root@ubuntu-xenial (DSA)
<14>Aug  8 00:42:26 ec2: 256 SHA256:GfhiI2GCwqIj1ENYh5QClHfBRyKRuyvji9R6Fg9pKXk root@ubuntu-xenial (ECDSA)
<14>Aug  8 00:42:26 ec2: 256 SHA256:QNYStEdKK8cGSrWZM5fQpuZ1imv5CKygKItlsTK5Gc0 root@ubuntu-xenial (ED25519)
<14>Aug  8 00:42:26 ec2: 2048 SHA256:MrasSnu4nSfewgtDwNw/luN/WGMezRbOuoYDnlhZvFo root@ubuntu-xenial (RSA)
<14>Aug  8 00:42:26 ec2: -----END SSH HOST KEY FINGERPRINTS-----
<14>Aug  8 00:42:26 ec2: #############################################################
-----BEGIN SSH HOST KEY KEYS-----
ecdsa-sha2-nistp256 AAAAE2VjZHNhLXNoYTItbmlzdHAyNTYAAAAIbmlzdHAyNTYAAABBBF4RyKSrCad7sC5ol2T1GZm68LyqEn252PRy5n0HbJcUT2qnGtHUnevLaAhcTDGu3TZOP30zgpet/N9Xxj89wNQ= root@ubuntu-xenial
ssh-ed25519 AAAAC3NzaC1lZDI1NTE5AAAAIKy0+nI1+Q6rPvANF6UbbYr0EzDDsFniwfPvu9FraQMr root@ubuntu-xenial
ssh-rsa AAAAB3NzaC1yc2EAAAADAQABAAABAQC8NZQiIYd2uS94amrB2Ls4gVEx/fK/ccpc4XJ9AC8IDNHLSttvuHwTEJ2L715zzNrijGHJ0p81Oqrpsczkig5ADpxpSNjTa8zKrNi5wsrPFQJQ8xLb5h88lF6KKXX2QgcNajnn1Bd5CKWxhJbvDD6lBaMrwl7WdwWM6iN3GxSJZBMW4+no/qQi5SPVvIB1F0WfAzuvPpXz4yBKzw250KjHoVYVAq2zVYWzCi58MfZpE2PSQase/u2u11GcFAIFwfaaMAFqVPEqbNabPRkB9wR9LPZQE+wkUMpOvBGZNuXKjcrnxJPBBEXpXtRRM8sfOKdDKutwXZdlb3OSH+LyiOlp root@ubuntu-xenial
-----END SSH HOST KEY KEYS-----
[   26.616083] cloud-init[1286]: Cloud-init v. 17.1 running 'modules:final' at Wed, 08 Aug 2018 00:42:26 +0000. Up 26.36 seconds.
[   26.626919] cloud-init[1286]: ci-info: no authorized ssh keys fingerprints found for user ubuntu.
[   26.630020] cloud-init[1286]: Cloud-init v. 17.1 finished at Wed, 08 Aug 2018 00:42:26 +0000. Datasource DataSourceNoCloud [seed=/dev/sdb][dsmode=net].  Up 26.61 seconds
[[0;32m  OK  [0m] Started Execute cloud user/final scripts.
[[0;32m  OK  [0m] Reached target Cloud-init target.

Ubuntu 16.04.4 LTS ubuntu-xenial ttyS0

ubuntu-xenial login: 